<?xml version="1.0" encoding="UTF-8"?>
<!-- Generated by org.testng.reporters.JUnitReportReporter -->
<testsuite hostname="SIPL92" failures="0" tests="1" name="rte_RTEJobCreation.RTECrudOperations" time="1716.596" errors="0" timestamp="2022-07-25T11:55:48 IST" skipped="0">
  <testcase classname="rte_RTEJobCreation.RTECrudOperations" name="rteCrudOperations" time="1716.596"/>
  <system-out/>
</testsuite> <!-- rte_RTEJobCreation.RTECrudOperations -->
