<?xml version="1.0" encoding="UTF-8"?>
<!-- Generated by org.testng.reporters.JUnitReportReporter -->
<testsuite hostname="SIPL92" failures="0" tests="1" name="rte_RTEJobCreation.RTEManyToOneOrderProcess" time="249.629" errors="0" timestamp="2022-06-30T14:17:29 IST" skipped="0">
  <testcase classname="rte_RTEJobCreation.RTEManyToOneOrderProcess" name="rteManyToOneOrderProcess" time="249.629"/>
  <system-out/>
</testsuite> <!-- rte_RTEJobCreation.RTEManyToOneOrderProcess -->
