<?xml version="1.0" encoding="UTF-8"?>
<!-- Generated by org.testng.reporters.JUnitReportReporter -->
<testsuite hostname="SIPL92" failures="0" tests="1" name="rte_RTEJobCreation.RTEJobCreation" time="171.468" errors="0" timestamp="2022-06-17T17:25:30 IST" skipped="0">
  <testcase classname="rte_RTEJobCreation.RTEJobCreation" name="rteJobCreation" time="171.468"/>
  <system-out/>
</testsuite> <!-- rte_RTEJobCreation.RTEJobCreation -->
