<?xml version="1.0" encoding="UTF-8"?>
<!-- Generated by org.testng.reporters.JUnitReportReporter -->
<testsuite hostname="SIPL92" failures="0" tests="1" name="rte_RTECrudOperations.CreateRTEwithLOC" time="77.464" errors="0" timestamp="2022-06-07T17:55:14 IST" skipped="0">
  <testcase classname="rte_RTECrudOperations.CreateRTEwithLOC" name="createRTEWithLOCJob" time="77.464"/>
  <system-out/>
</testsuite> <!-- rte_RTECrudOperations.CreateRTEwithLOC -->
