<?xml version="1.0" encoding="UTF-8"?>
<!-- Generated by org.testng.reporters.JUnitReportReporter -->
<testsuite hostname="SIPL92" failures="0" tests="1" name="rte_RTECrudOperations.SearchLOCJob" time="56.177" errors="0" timestamp="2022-06-22T19:58:20 IST" skipped="0">
  <testcase classname="rte_RTECrudOperations.SearchLOCJob" name="searchcreatedLOCJob" time="56.177"/>
  <system-out/>
</testsuite> <!-- rte_RTECrudOperations.SearchLOCJob -->
