<?xml version="1.0" encoding="UTF-8"?>
<!-- Generated by org.testng.reporters.JUnitReportReporter -->
<testsuite hostname="SIPL92" failures="0" tests="1" name="rte_RTEJobCreation.RTEJobProcessing" time="57.987" errors="0" timestamp="2022-05-12T09:22:43 IST" skipped="0">
  <testcase classname="rte_RTEJobCreation.RTEJobProcessing" name="rteOrderProcess" time="57.987"/>
  <system-out/>
</testsuite> <!-- rte_RTEJobCreation.RTEJobProcessing -->
