<?xml version="1.0" encoding="UTF-8"?>
<!-- Generated by org.testng.reporters.JUnitReportReporter -->
<testsuite hostname="SIPL92" failures="0" tests="1" name="rte_RTEJobCreation.CreateMergeRTEwithLOC" time="248.476" errors="0" timestamp="2022-06-22T20:19:21 IST" skipped="0">
  <testcase classname="rte_RTEJobCreation.CreateMergeRTEwithLOC" name="createMergeRTEWithLOCJob" time="248.476"/>
  <system-out/>
</testsuite> <!-- rte_RTEJobCreation.CreateMergeRTEwithLOC -->
