<?xml version="1.0" encoding="UTF-8"?>
<!-- Generated by org.testng.reporters.JUnitReportReporter -->
<testsuite hostname="SIPL92" failures="0" tests="1" name="rte_RTEJobCreation.RTEFlowWithRejectResend" time="7.996" errors="0" timestamp="2022-06-08T17:37:55 IST" skipped="0">
  <testcase classname="rte_RTEJobCreation.RTEFlowWithRejectResend" name="rteRejectResendScen" time="7.996"/>
  <system-out/>
</testsuite> <!-- rte_RTEJobCreation.RTEFlowWithRejectResend -->
