<?xml version="1.0" encoding="UTF-8"?>
<!-- Generated by org.testng.reporters.JUnitReportReporter -->
<testsuite hostname="SIPL92" failures="0" tests="1" name="rte_RTEJobCreation.RTEGetPUpID" time="1857.230" errors="0" timestamp="2022-06-30T14:09:22 IST" skipped="0">
  <testcase classname="rte_RTEJobCreation.RTEGetPUpID" name="getTrackPickUPID" time="1857.230"/>
  <system-out/>
</testsuite> <!-- rte_RTEJobCreation.RTEGetPUpID -->
