<?xml version="1.0" encoding="UTF-8"?>
<!-- Generated by org.testng.reporters.JUnitReportReporter -->
<testsuite hostname="SIPL92" failures="0" tests="1" name="rte_RTECrudOperations.SearchLOCJob" time="100.023" errors="0" timestamp="2022-07-19T17:12:03 IST" skipped="0">
  <testcase classname="rte_RTECrudOperations.SearchLOCJob" name="searchcreatedLOCJob" time="100.023"/>
  <system-out/>
</testsuite> <!-- rte_RTECrudOperations.SearchLOCJob -->
