<?xml version="1.0" encoding="UTF-8"?>
<!-- Generated by org.testng.reporters.JUnitReportReporter -->
<testsuite hostname="SIPL92" failures="0" tests="1" name="rte_RTEJobCreation.RTEOneToOneOrderProcess" time="111.081" errors="0" timestamp="2022-07-11T10:59:17 IST" skipped="0">
  <testcase classname="rte_RTEJobCreation.RTEOneToOneOrderProcess" name="rteOneToOneOrderProcess" time="111.081"/>
  <system-out/>
</testsuite> <!-- rte_RTEJobCreation.RTEOneToOneOrderProcess -->
