<?xml version="1.0" encoding="UTF-8"?>
<!-- Generated by org.testng.reporters.JUnitReportReporter -->
<testsuite hostname="SIPL92" failures="0" tests="1" name="rte_RTEJobCreation.RTEManyToManyOrderProcess" time="473.613" errors="0" timestamp="2022-07-14T16:48:20 IST" skipped="0">
  <testcase classname="rte_RTEJobCreation.RTEManyToManyOrderProcess" name="rteManyToManyOrderProcess" time="473.613"/>
  <system-out/>
</testsuite> <!-- rte_RTEJobCreation.RTEManyToManyOrderProcess -->
