<?xml version="1.0" encoding="UTF-8"?>
<!-- Generated by org.testng.reporters.JUnitReportReporter -->
<testsuite hostname="SIPL92" failures="0" tests="1" name="rte_RTEJobCreation.CreateMergeRTEwithLOC" time="167.320" errors="0" timestamp="2022-06-13T22:17:30 IST" skipped="0">
  <testcase classname="rte_RTEJobCreation.CreateMergeRTEwithLOC" name="createMergeRTEWithLOCJob" time="167.320"/>
  <system-out/>
</testsuite> <!-- rte_RTEJobCreation.CreateMergeRTEwithLOC -->
