<?xml version="1.0" encoding="UTF-8"?>
<!-- Generated by org.testng.reporters.JUnitReportReporter -->
<testsuite hostname="SIPL92" failures="0" tests="1" name="rte_RTEJobCreation.RTEOneToOneOrderProcess" time="8.250" errors="0" timestamp="2022-06-08T17:37:55 IST" skipped="0">
  <testcase classname="rte_RTEJobCreation.RTEOneToOneOrderProcess" name="rteOneToOneOrderProcess" time="8.250"/>
  <system-out/>
</testsuite> <!-- rte_RTEJobCreation.RTEOneToOneOrderProcess -->
