<?xml version="1.0" encoding="UTF-8"?>
<!-- Generated by org.testng.reporters.JUnitReportReporter -->
<testsuite hostname="SIPL92" failures="0" tests="1" name="rte_RTEJobCreation.RTEGetPUpID" time="821.671" errors="0" timestamp="2022-06-02T17:30:40 IST" skipped="0">
  <testcase classname="rte_RTEJobCreation.RTEGetPUpID" name="getTrackPickUPID" time="821.671"/>
  <system-out/>
</testsuite> <!-- rte_RTEJobCreation.RTEGetPUpID -->
