<?xml version="1.0" encoding="UTF-8"?>
<!-- Generated by org.testng.reporters.JUnitReportReporter -->
<testsuite hostname="SIPL92" failures="0" tests="1" name="rte_RTEJobCreation.RTEFlowWithRejectResend" time="296.255" errors="0" timestamp="2022-06-03T12:42:14 IST" skipped="0">
  <testcase classname="rte_RTEJobCreation.RTEFlowWithRejectResend" name="rteRejectResendScen" time="296.255"/>
  <system-out/>
</testsuite> <!-- rte_RTEJobCreation.RTEFlowWithRejectResend -->
