<?xml version="1.0" encoding="UTF-8"?>
<!-- Generated by org.testng.reporters.JUnitReportReporter -->
<testsuite hostname="SIPL92" failures="0" tests="1" name="rte_RTEJobCreation.CreateRTEJobManual" time="86.188" errors="0" timestamp="2022-06-22T11:02:31 IST" skipped="0">
  <testcase classname="rte_RTEJobCreation.CreateRTEJobManual" name="rteCreateJobManual" time="86.188"/>
  <system-out/>
</testsuite> <!-- rte_RTEJobCreation.CreateRTEJobManual -->
