<?xml version="1.0" encoding="UTF-8"?>
<!-- Generated by org.testng.reporters.JUnitReportReporter -->
<testsuite hostname="SIPL92" failures="0" tests="1" name="rte_RTECrudOperations.CreateRTEJob" time="87.122" errors="0" timestamp="2022-05-26T16:55:17 IST" skipped="0">
  <testcase classname="rte_RTECrudOperations.CreateRTEJob" name="rteCreateJob" time="87.122"/>
  <system-out/>
</testsuite> <!-- rte_RTECrudOperations.CreateRTEJob -->
