<?xml version="1.0" encoding="UTF-8"?>
<!-- Generated by org.testng.reporters.JUnitReportReporter -->
<testsuite hostname="SIPL92" failures="0" tests="1" name="rte_RTEJobCreation.RTEGetPUpID" time="1408.545" errors="0" timestamp="2022-07-14T10:48:14 IST" skipped="0">
  <testcase classname="rte_RTEJobCreation.RTEGetPUpID" name="getTrackPickUPID" time="1408.545"/>
  <system-out/>
</testsuite> <!-- rte_RTEJobCreation.RTEGetPUpID -->
