<?xml version="1.0" encoding="UTF-8"?>
<!-- Generated by org.testng.reporters.JUnitReportReporter -->
<testsuite hostname="SIPL92" failures="0" tests="1" name="rte_RTEJobCreation.TestManyToMany" time="418.458" errors="0" timestamp="2022-07-11T16:06:35 IST" skipped="0">
  <testcase classname="rte_RTEJobCreation.TestManyToMany" name="testManyToMany" time="418.458"/>
  <system-out/>
</testsuite> <!-- rte_RTEJobCreation.TestManyToMany -->
