<?xml version="1.0" encoding="UTF-8"?>
<!-- Generated by org.testng.reporters.JUnitReportReporter -->
<testsuite hostname="SIPL92" failures="0" tests="1" name="rte_RTEJobCreation.RTEOneToManyOrderProcess" time="236.070" errors="0" timestamp="2022-06-30T14:09:22 IST" skipped="0">
  <testcase classname="rte_RTEJobCreation.RTEOneToManyOrderProcess" name="rteOneToManyOrderProcess" time="236.070"/>
  <system-out/>
</testsuite> <!-- rte_RTEJobCreation.RTEOneToManyOrderProcess -->
