<?xml version="1.0" encoding="UTF-8"?>
<!-- Generated by org.testng.reporters.JUnitReportReporter -->
<testsuite hostname="SIPL92" failures="0" tests="1" name="rte_RTEJobCreation.CompareCharges" time="227.628" errors="0" timestamp="2022-06-29T13:49:51 IST" skipped="0">
  <testcase classname="rte_RTEJobCreation.CompareCharges" name="rteCompareCharges" time="227.628"/>
  <system-out/>
</testsuite> <!-- rte_RTEJobCreation.CompareCharges -->
