<?xml version="1.0" encoding="UTF-8"?>
<!-- Generated by org.testng.reporters.JUnitReportReporter -->
<testsuite hostname="SIPL92" failures="0" tests="1" name="rte_RTEJobCreation.RTEJobCreation" time="55.756" errors="0" timestamp="2022-06-22T21:59:49 IST" skipped="0">
  <testcase classname="rte_RTEJobCreation.RTEJobCreation" name="rteJobCreation" time="55.756"/>
  <system-out/>
</testsuite> <!-- rte_RTEJobCreation.RTEJobCreation -->
