<?xml version="1.0" encoding="UTF-8"?>
<!-- Generated by org.testng.reporters.JUnitReportReporter -->
<testsuite hostname="SIPL92" failures="0" tests="1" name="rte_RTEJobCreation.RTEOneToManyOrderProcess" time="73.347" errors="0" timestamp="2022-06-15T19:16:03 IST" skipped="0">
  <testcase classname="rte_RTEJobCreation.RTEOneToManyOrderProcess" name="rteOneToManyOrderProcess" time="73.347"/>
  <system-out/>
</testsuite> <!-- rte_RTEJobCreation.RTEOneToManyOrderProcess -->
