<?xml version="1.0" encoding="UTF-8"?>
<!-- Generated by org.testng.reporters.JUnitReportReporter -->
<testsuite hostname="SIPL92" failures="0" tests="1" name="rte_RTEJobCreation.RTEGetPUpID" time="907.105" errors="0" timestamp="2022-06-13T18:39:46 IST" skipped="0">
  <testcase classname="rte_RTEJobCreation.RTEGetPUpID" name="getTrackPickUPID" time="907.105"/>
  <system-out/>
</testsuite> <!-- rte_RTEJobCreation.RTEGetPUpID -->
