<?xml version="1.0" encoding="UTF-8"?>
<!-- Generated by org.testng.reporters.JUnitReportReporter -->
<testsuite hostname="SIPL92" failures="0" tests="1" name="rte_RTEJobCreation.RTEJobSearch" time="1553.232" errors="0" timestamp="2022-06-13T19:33:35 IST" skipped="0">
  <testcase classname="rte_RTEJobCreation.RTEJobSearch" name="rteJobSearch" time="1553.232"/>
  <system-out/>
</testsuite> <!-- rte_RTEJobCreation.RTEJobSearch -->
