<?xml version="1.0" encoding="UTF-8"?>
<!-- Generated by org.testng.reporters.JUnitReportReporter -->
<testsuite hostname="SIPL92" failures="0" tests="1" name="rte_RTEJobCreation.RTEManyToOneOrderProcess" time="10.914" errors="0" timestamp="2022-07-08T15:52:30 IST" skipped="0">
  <testcase classname="rte_RTEJobCreation.RTEManyToOneOrderProcess" name="rteManyToOneOrderProcess" time="10.914"/>
  <system-out/>
</testsuite> <!-- rte_RTEJobCreation.RTEManyToOneOrderProcess -->
