<?xml version="1.0" encoding="UTF-8"?>
<!-- Generated by org.testng.reporters.JUnitReportReporter -->
<testsuite hostname="SIPL92" failures="0" tests="1" name="rte_RTEJobCreation.CompareCharges" time="32.487" errors="0" timestamp="2022-07-08T15:52:30 IST" skipped="0">
  <testcase classname="rte_RTEJobCreation.CompareCharges" name="rteCompareCharges" time="32.487"/>
  <system-out/>
</testsuite> <!-- rte_RTEJobCreation.CompareCharges -->
