<?xml version="1.0" encoding="UTF-8"?>
<!-- Generated by org.testng.reporters.JUnitReportReporter -->
<testsuite hostname="SIPL92" failures="0" tests="1" name="rte_RTEJobCreation.RTEJobProcessing" time="116.562" errors="0" timestamp="2022-05-11T18:22:04 IST" skipped="0">
  <testcase classname="rte_RTEJobCreation.RTEJobProcessing" name="rteOrderProcess" time="116.562"/>
  <system-out/>
</testsuite> <!-- rte_RTEJobCreation.RTEJobProcessing -->
