<?xml version="1.0" encoding="UTF-8"?>
<!-- Generated by org.testng.reporters.JUnitReportReporter -->
<testsuite hostname="SIPL92" failures="0" tests="1" name="rte_RTEJobCreation.RTEFlowWithRejectResend" time="23.785" errors="0" timestamp="2022-06-15T19:41:17 IST" skipped="0">
  <testcase classname="rte_RTEJobCreation.RTEFlowWithRejectResend" name="rteRejectResendScan" time="23.785"/>
  <system-out/>
</testsuite> <!-- rte_RTEJobCreation.RTEFlowWithRejectResend -->
