<?xml version="1.0" encoding="UTF-8"?>
<!-- Generated by org.testng.reporters.JUnitReportReporter -->
<testsuite hostname="SIPL92" failures="0" tests="1" name="rte_RTEJobCreation.RTEManyToOneOrderProcess" time="411.745" errors="0" timestamp="2022-06-02T17:30:40 IST" skipped="0">
  <testcase classname="rte_RTEJobCreation.RTEManyToOneOrderProcess" name="rteManyToOneOrderProcess" time="411.745"/>
  <system-out/>
</testsuite> <!-- rte_RTEJobCreation.RTEManyToOneOrderProcess -->
