<?xml version="1.0" encoding="UTF-8"?>
<!-- Generated by org.testng.reporters.JUnitReportReporter -->
<testsuite hostname="SIPL92" failures="0" tests="1" name="rte_RTEJobCreation.RTEJobProcessing" time="117.186" errors="0" timestamp="2022-05-16T10:14:54 IST" skipped="0">
  <testcase classname="rte_RTEJobCreation.RTEJobProcessing" name="rteOrderProcess" time="117.186"/>
  <system-out/>
</testsuite> <!-- rte_RTEJobCreation.RTEJobProcessing -->
