<?xml version="1.0" encoding="UTF-8"?>
<!-- Generated by org.testng.reporters.JUnitReportReporter -->
<testsuite hostname="SIPL92" failures="0" tests="1" name="rte_RTEJobCreation.RTECrudOperations" time="1129.273" errors="0" timestamp="2022-06-28T16:21:45 IST" skipped="0">
  <testcase classname="rte_RTEJobCreation.RTECrudOperations" name="rteCrudOperations" time="1129.273"/>
  <system-out/>
</testsuite> <!-- rte_RTEJobCreation.RTECrudOperations -->
