<?xml version="1.0" encoding="UTF-8"?>
<!-- Generated by org.testng.reporters.JUnitReportReporter -->
<testsuite hostname="SIPL92" failures="0" tests="1" name="rte_RTEJobCreation.RTEManyToOneOrderProcess" time="422.871" errors="0" timestamp="2022-06-13T18:39:46 IST" skipped="0">
  <testcase classname="rte_RTEJobCreation.RTEManyToOneOrderProcess" name="rteManyToOneOrderProcess" time="422.871"/>
  <system-out/>
</testsuite> <!-- rte_RTEJobCreation.RTEManyToOneOrderProcess -->
