<?xml version="1.0" encoding="UTF-8"?>
<!-- Generated by org.testng.reporters.JUnitReportReporter -->
<testsuite hostname="SIPL92" failures="0" tests="1" name="rte_RTEJobCreation.RTEJobProcessing" time="986.269" errors="0" timestamp="2022-05-20T21:00:27 IST" skipped="0">
  <testcase classname="rte_RTEJobCreation.RTEJobProcessing" name="rteOrderProcess" time="986.269"/>
  <system-out/>
</testsuite> <!-- rte_RTEJobCreation.RTEJobProcessing -->
