<?xml version="1.0" encoding="UTF-8"?>
<!-- Generated by org.testng.reporters.JUnitReportReporter -->
<testsuite hostname="SIPL92" failures="0" tests="1" name="rte_RTEJobCreation.RTEManyToOneOrderProcess" time="133.152" errors="0" timestamp="2022-06-07T13:52:39 IST" skipped="0">
  <testcase classname="rte_RTEJobCreation.RTEManyToOneOrderProcess" name="rteManyToOneOrderProcess" time="133.152"/>
  <system-out/>
</testsuite> <!-- rte_RTEJobCreation.RTEManyToOneOrderProcess -->
