<?xml version="1.0" encoding="UTF-8"?>
<!-- Generated by org.testng.reporters.JUnitReportReporter -->
<testsuite hostname="SIPL92" failures="0" tests="1" name="rte_RTEJobCreation.CompareCharges" time="7.449" errors="0" timestamp="2022-06-23T13:16:23 IST" skipped="0">
  <testcase classname="rte_RTEJobCreation.CompareCharges" name="rteCompareCharges" time="7.449"/>
  <system-out/>
</testsuite> <!-- rte_RTEJobCreation.CompareCharges -->
